<?xml version="1.0" encoding="UTF-8"?>
<!-- Generated by org.testng.reporters.JUnitReportReporter -->
<testsuite hostname="LAPTOP-T9JDTV1E" failures="0" tests="2" name="com.tests.sep.LoginToTekarchWithPOJO" time="2.559" errors="0" timestamp="2023-11-19T20:21:53 EST" skipped="0">
  <testcase classname="com.tests.sep.LoginToTekarchWithPOJO" name="logintoTekarchRequest" time="2.080"/>
  <system-out/>
  <testcase classname="com.tests.sep.LoginToTekarchWithPOJO" name="deleteData" time="0.479"/>
  <system-out/>
</testsuite> <!-- com.tests.sep.LoginToTekarchWithPOJO -->
