<?xml version="1.0" encoding="UTF-8"?>
<!-- Generated by org.testng.reporters.JUnitReportReporter -->
<testsuite hostname="LAPTOP-T9JDTV1E" failures="0" tests="1" name="LoginToTekarch" time="2.473" errors="0" timestamp="2023-11-18T12:58:59 EST" skipped="0">
  <testcase classname="LoginToTekarch" name="logintoTekarchRequest" time="2.473"/>
  <system-out/>
</testsuite> <!-- LoginToTekarch -->
