<?xml version="1.0" encoding="UTF-8"?>
<!-- Generated by org.testng.reporters.JUnitReportReporter -->
<testsuite hostname="LAPTOP-T9JDTV1E" failures="0" tests="2" name="com.tests.sep.LoginToTekarch" time="8.859" errors="0" timestamp="2023-11-18T14:36:04 EST" skipped="0">
  <testcase classname="com.tests.sep.LoginToTekarch" name="getAllData" time="6.150"/>
  <system-out/>
  <testcase classname="com.tests.sep.LoginToTekarch" name="logintoTekarchRequest" time="2.709"/>
  <system-out/>
</testsuite> <!-- com.tests.sep.LoginToTekarch -->
