<?xml version="1.0" encoding="UTF-8"?>
<!-- Generated by org.testng.reporters.JUnitReportReporter -->
<testsuite hostname="LAPTOP-T9JDTV1E" failures="0" tests="1" name="LoginToTekarch$LoginTOtekarch" time="1.662" errors="0" timestamp="2023-11-16T20:02:43 EST" skipped="0">
  <testcase classname="LoginToTekarch$LoginTOtekarch" name="logintoTekarchRequest" time="1.662"/>
  <system-out/>
</testsuite> <!-- LoginToTekarch$LoginTOtekarch -->
