<?xml version="1.0" encoding="UTF-8"?>
<!-- Generated by org.testng.reporters.JUnitReportReporter -->
<testsuite hostname="LAPTOP-T9JDTV1E" failures="0" tests="1" name="SimpleScripts" time="2.321" errors="0" timestamp="2023-11-16T19:52:25 EST" skipped="0">
  <testcase classname="SimpleScripts" name="ProperRequestActivityFinal" time="2.321"/>
  <system-out/>
</testsuite> <!-- SimpleScripts -->
