<?xml version="1.0" encoding="UTF-8"?>
<!-- Generated by org.testng.reporters.JUnitReportReporter -->
<testsuite hostname="LAPTOP-T9JDTV1E" failures="0" tests="1" name="com.tests.sep2023.Githib" time="2.024" errors="0" timestamp="2023-12-01T19:44:25 EST" skipped="0">
  <testcase classname="com.tests.sep2023.Githib" name="UpdateRepo" time="2.024"/>
  <system-out/>
</testsuite> <!-- com.tests.sep2023.Githib -->
